<?xml version="1.0" encoding="UTF-8"?>
<!-- Generated by org.testng.reporters.JUnitReportReporter -->
<testsuite hostname="DESKTOP-LVM6PIB" failures="0" tests="1" name="apiChaining.Phase3EndToEnd" time="6.909" errors="0" timestamp="21 Jun 2022 19:37:43 GMT" skipped="0">
  <testcase classname="apiChaining.Phase3EndToEnd" name="test1" time="6.909"/>
</testsuite> <!-- apiChaining.Phase3EndToEnd -->
